<?xml version="1.0" encoding="UTF-8"?>
<!-- Generated by org.testng.reporters.JUnitXMLReporter -->
<testsuite ignored="0" hostname="ATMECSINLT-083" failures="0" tests="1" name="Test2" time="1.872" errors="0" timestamp="07 Nov 2019 06:30:32 GMT">
  <testcase classname="com.atmecs.toolsQA.testbase.TestBase" name="@BeforeTest initializeBrowser" time="1.772">
    <failure type="org.openqa.selenium.SessionNotCreatedException" message="session not created: This version of ChromeDriver only supports Chrome version 76
Build info: version: &amp;apos;3.141.59&amp;apos;, revision: &amp;apos;e82be7d358&amp;apos;, time: &amp;apos;2018-11-14T08:17:03&amp;apos;
System info: host: &amp;apos;ATMECSINLT-083&amp;apos;, ip: &amp;apos;55.55.52.90&amp;apos;, os.name: &amp;apos;Windows 10&amp;apos;, os.arch: &amp;apos;amd64&amp;apos;, os.version: &amp;apos;10.0&amp;apos;, java.version: &amp;apos;12.0.1&amp;apos;
Driver info: driver.version: ChromeDriver
remote stacktrace: Backtrace:
	Ordinal0 [0x00957C53+1473619]
	Ordinal0 [0x008DAD71+961905]
	Ordinal0 [0x008642B3+475827]
	Ordinal0 [0x007FF365+62309]
	Ordinal0 [0x007FBC77+48247]
	Ordinal0 [0x00819149+168265]
	Ordinal0 [0x00818D1D+167197]
	Ordinal0 [0x0081742B+160811]
	Ordinal0 [0x00800AE6+68326]
	Ordinal0 [0x00801BF0+72688]
	Ordinal0 [0x00801B89+72585]
	Ordinal0 [0x008F4B37+1067831]
	GetHandleVerifier [0x009F6845+506677]
	GetHandleVerifier [0x009F65E0+506064]
	GetHandleVerifier [0x009FD188+533624]
	GetHandleVerifier [0x009F701A+508682]
	Ordinal0 [0x008EC226+1032742]
	Ordinal0 [0x008EC09F+1032351]
	Ordinal0 [0x008F6A4B+1075787]
	Ordinal0 [0x008F6BB3+1076147]
	Ordinal0 [0x008F5B65+1071973]
	BaseThreadInitThunk [0x759C60C9+25]
	RtlGetAppContainerNamedObjectPath [0x77CC7A94+228]
	RtlGetAppContainerNamedObjectPath [0x77CC7A64+180]
">
      <![CDATA[org.openqa.selenium.SessionNotCreatedException: session not created: This version of ChromeDriver only supports Chrome version 76
Build info: version: '3.141.59', revision: 'e82be7d358', time: '2018-11-14T08:17:03'
System info: host: 'ATMECSINLT-083', ip: '55.55.52.90', os.name: 'Windows 10', os.arch: 'amd64', os.version: '10.0', java.version: '12.0.1'
Driver info: driver.version: ChromeDriver
remote stacktrace: Backtrace:
Ordinal0 [0x00957C53+1473619]
Ordinal0 [0x008DAD71+961905]
Ordinal0 [0x008642B3+475827]
Ordinal0 [0x007FF365+62309]
Ordinal0 [0x007FBC77+48247]
Ordinal0 [0x00819149+168265]
Ordinal0 [0x00818D1D+167197]
Ordinal0 [0x0081742B+160811]
Ordinal0 [0x00800AE6+68326]
Ordinal0 [0x00801BF0+72688]
Ordinal0 [0x00801B89+72585]
Ordinal0 [0x008F4B37+1067831]
GetHandleVerifier [0x009F6845+506677]
GetHandleVerifier [0x009F65E0+506064]
GetHandleVerifier [0x009FD188+533624]
GetHandleVerifier [0x009F701A+508682]
Ordinal0 [0x008EC226+1032742]
Ordinal0 [0x008EC09F+1032351]
Ordinal0 [0x008F6A4B+1075787]
Ordinal0 [0x008F6BB3+1076147]
Ordinal0 [0x008F5B65+1071973]
BaseThreadInitThunk [0x759C60C9+25]
RtlGetAppContainerNamedObjectPath [0x77CC7A94+228]
RtlGetAppContainerNamedObjectPath [0x77CC7A64+180]

at org.openqa.selenium.remote.W3CHandshakeResponse.lambda$errorHandler$0(W3CHandshakeResponse.java:62)
at org.openqa.selenium.remote.HandshakeResponse.lambda$getResponseFunction$0(HandshakeResponse.java:30)
at org.openqa.selenium.remote.ProtocolHandshake.lambda$createSession$0(ProtocolHandshake.java:126)
at java.base/java.util.stream.ReferencePipeline$3$1.accept(ReferencePipeline.java:195)
at java.base/java.util.Spliterators$ArraySpliterator.tryAdvance(Spliterators.java:958)
at java.base/java.util.stream.ReferencePipeline.forEachWithCancel(ReferencePipeline.java:127)
at java.base/java.util.stream.AbstractPipeline.copyIntoWithCancel(AbstractPipeline.java:502)
at java.base/java.util.stream.AbstractPipeline.copyInto(AbstractPipeline.java:488)
at java.base/java.util.stream.AbstractPipeline.wrapAndCopyInto(AbstractPipeline.java:474)
at java.base/java.util.stream.FindOps$FindOp.evaluateSequential(FindOps.java:150)
at java.base/java.util.stream.AbstractPipeline.evaluate(AbstractPipeline.java:234)
at java.base/java.util.stream.ReferencePipeline.findFirst(ReferencePipeline.java:543)
at org.openqa.selenium.remote.ProtocolHandshake.createSession(ProtocolHandshake.java:128)
at org.openqa.selenium.remote.ProtocolHandshake.createSession(ProtocolHandshake.java:74)
at org.openqa.selenium.remote.HttpCommandExecutor.execute(HttpCommandExecutor.java:136)
at org.openqa.selenium.remote.service.DriverCommandExecutor.execute(DriverCommandExecutor.java:83)
at org.openqa.selenium.remote.RemoteWebDriver.execute(RemoteWebDriver.java:552)
at org.openqa.selenium.remote.RemoteWebDriver.startSession(RemoteWebDriver.java:213)
at org.openqa.selenium.remote.RemoteWebDriver.<init>(RemoteWebDriver.java:131)
at org.openqa.selenium.chrome.ChromeDriver.<init>(ChromeDriver.java:181)
at org.openqa.selenium.chrome.ChromeDriver.<init>(ChromeDriver.java:168)
at org.openqa.selenium.chrome.ChromeDriver.<init>(ChromeDriver.java:123)
at com.atmecs.toolsQA.testbase.TestBase.initializeBrowser(TestBase.java:35)
... Removed 29 stack frames]]>
    </failure>
  </testcase> <!-- @BeforeTest initializeBrowser -->
  <testcase classname="com.atmecs.toolsQA.testbase.TestBase" name="@AfterTest closeBrowser" time="0.0">
    <skipped/>
  </testcase> <!-- @AfterTest closeBrowser -->
  <testcase classname="com.atmecs.toolsQA.testscripts.TestHomePage" name="testingDemoPage" time="0.0">
    <skipped/>
  </testcase> <!-- testingDemoPage -->
</testsuite> <!-- Test2 -->
