<?xml version="1.0" encoding="UTF-8"?>
<!-- Generated by org.testng.reporters.JUnitXMLReporter -->
<testsuite ignored="0" hostname="ATMECSINLT-083" failures="0" tests="1" name="Test" time="2.751" errors="0" timestamp="07 Nov 2019 11:57:37 GMT">
  <testcase classname="com.atmecs.toolsQA.testbase.TestBase" name="@BeforeTest initializeBrowser" time="1.61">
    <failure type="org.openqa.selenium.WebDriverException" message="unknown error: cannot find Chrome binary
Build info: version: &amp;apos;3.141.59&amp;apos;, revision: &amp;apos;e82be7d358&amp;apos;, time: &amp;apos;2018-11-14T08:17:03&amp;apos;
System info: host: &amp;apos;ATMECSINLT-083&amp;apos;, ip: &amp;apos;55.55.52.90&amp;apos;, os.name: &amp;apos;Windows 10&amp;apos;, os.arch: &amp;apos;amd64&amp;apos;, os.version: &amp;apos;10.0&amp;apos;, java.version: &amp;apos;12.0.1&amp;apos;
Driver info: driver.version: ChromeDriver
remote stacktrace: Backtrace:
	Ordinal0 [0x00B8A903+1550595]
	Ordinal0 [0x00B0A701+1025793]
	Ordinal0 [0x00A8C6E5+509669]
	Ordinal0 [0x00A1C082+49282]
	Ordinal0 [0x00A3ACE7+175335]
	Ordinal0 [0x00A3A8ED+174317]
	Ordinal0 [0x00A38CDB+167131]
	Ordinal0 [0x00A2144A+70730]
	Ordinal0 [0x00A224D0+74960]
	Ordinal0 [0x00A22469+74857]
	Ordinal0 [0x00B242C7+1131207]
	GetHandleVerifier [0x00C270FD+523789]
	GetHandleVerifier [0x00C26E90+523168]
	GetHandleVerifier [0x00C2E1E7+552695]
	GetHandleVerifier [0x00C278FA+525834]
	Ordinal0 [0x00B1B7FC+1095676]
	Ordinal0 [0x00B2633B+1139515]
	Ordinal0 [0x00B264A3+1139875]
	Ordinal0 [0x00B25425+1135653]
	BaseThreadInitThunk [0x759C60C9+25]
	RtlGetAppContainerNamedObjectPath [0x77CC7A94+228]
	RtlGetAppContainerNamedObjectPath [0x77CC7A64+180]
">
      <![CDATA[org.openqa.selenium.WebDriverException: unknown error: cannot find Chrome binary
Build info: version: '3.141.59', revision: 'e82be7d358', time: '2018-11-14T08:17:03'
System info: host: 'ATMECSINLT-083', ip: '55.55.52.90', os.name: 'Windows 10', os.arch: 'amd64', os.version: '10.0', java.version: '12.0.1'
Driver info: driver.version: ChromeDriver
remote stacktrace: Backtrace:
Ordinal0 [0x00B8A903+1550595]
Ordinal0 [0x00B0A701+1025793]
Ordinal0 [0x00A8C6E5+509669]
Ordinal0 [0x00A1C082+49282]
Ordinal0 [0x00A3ACE7+175335]
Ordinal0 [0x00A3A8ED+174317]
Ordinal0 [0x00A38CDB+167131]
Ordinal0 [0x00A2144A+70730]
Ordinal0 [0x00A224D0+74960]
Ordinal0 [0x00A22469+74857]
Ordinal0 [0x00B242C7+1131207]
GetHandleVerifier [0x00C270FD+523789]
GetHandleVerifier [0x00C26E90+523168]
GetHandleVerifier [0x00C2E1E7+552695]
GetHandleVerifier [0x00C278FA+525834]
Ordinal0 [0x00B1B7FC+1095676]
Ordinal0 [0x00B2633B+1139515]
Ordinal0 [0x00B264A3+1139875]
Ordinal0 [0x00B25425+1135653]
BaseThreadInitThunk [0x759C60C9+25]
RtlGetAppContainerNamedObjectPath [0x77CC7A94+228]
RtlGetAppContainerNamedObjectPath [0x77CC7A64+180]

at org.openqa.selenium.remote.W3CHandshakeResponse.lambda$errorHandler$0(W3CHandshakeResponse.java:62)
at org.openqa.selenium.remote.HandshakeResponse.lambda$getResponseFunction$0(HandshakeResponse.java:30)
at org.openqa.selenium.remote.ProtocolHandshake.lambda$createSession$0(ProtocolHandshake.java:126)
at java.base/java.util.stream.ReferencePipeline$3$1.accept(ReferencePipeline.java:195)
at java.base/java.util.Spliterators$ArraySpliterator.tryAdvance(Spliterators.java:958)
at java.base/java.util.stream.ReferencePipeline.forEachWithCancel(ReferencePipeline.java:127)
at java.base/java.util.stream.AbstractPipeline.copyIntoWithCancel(AbstractPipeline.java:502)
at java.base/java.util.stream.AbstractPipeline.copyInto(AbstractPipeline.java:488)
at java.base/java.util.stream.AbstractPipeline.wrapAndCopyInto(AbstractPipeline.java:474)
at java.base/java.util.stream.FindOps$FindOp.evaluateSequential(FindOps.java:150)
at java.base/java.util.stream.AbstractPipeline.evaluate(AbstractPipeline.java:234)
at java.base/java.util.stream.ReferencePipeline.findFirst(ReferencePipeline.java:543)
at org.openqa.selenium.remote.ProtocolHandshake.createSession(ProtocolHandshake.java:128)
at org.openqa.selenium.remote.ProtocolHandshake.createSession(ProtocolHandshake.java:74)
at org.openqa.selenium.remote.HttpCommandExecutor.execute(HttpCommandExecutor.java:136)
at org.openqa.selenium.remote.service.DriverCommandExecutor.execute(DriverCommandExecutor.java:83)
at org.openqa.selenium.remote.RemoteWebDriver.execute(RemoteWebDriver.java:552)
at org.openqa.selenium.remote.RemoteWebDriver.startSession(RemoteWebDriver.java:213)
at org.openqa.selenium.remote.RemoteWebDriver.<init>(RemoteWebDriver.java:131)
at org.openqa.selenium.chrome.ChromeDriver.<init>(ChromeDriver.java:181)
at org.openqa.selenium.chrome.ChromeDriver.<init>(ChromeDriver.java:168)
at org.openqa.selenium.chrome.ChromeDriver.<init>(ChromeDriver.java:123)
at com.atmecs.toolsQA.testbase.TestBase.initializeBrowser(TestBase.java:35)
... Removed 33 stack frames]]>
    </failure>
  </testcase> <!-- @BeforeTest initializeBrowser -->
  <testcase classname="com.atmecs.toolsQA.testbase.TestBase" name="@AfterTest closeBrowser" time="0.0">
    <skipped/>
  </testcase> <!-- @AfterTest closeBrowser -->
  <testcase classname="com.atmecs.toolsQA.testscripts.TestHomePage" name="testingDemoPage" time="0.0">
    <skipped/>
  </testcase> <!-- testingDemoPage -->
</testsuite> <!-- Test -->
